> Task :app:checkKotlinGradlePluginConfigurationErrors
> Task :app:preBuild UP-TO-DATE
> Task :app:preDebugBuild UP-TO-DATE
> Task :app:checkDebugAarMetadata UP-TO-DATE
> Task :app:generateDebugResValues UP-TO-DATE
> Task :app:mapDebugSourceSetPaths UP-TO-DATE
> Task :app:generateDebugResources UP-TO-DATE
> Task :app:mergeDebugResources UP-TO-DATE
> Task :app:packageDebugResources UP-TO-DATE
> Task :app:parseDebugLocalResources UP-TO-DATE
> Task :app:createDebugCompatibleScreenManifests UP-TO-DATE
> Task :app:extractDeepLinksDebug UP-TO-DATE
> Task :app:processDebugMainManifest UP-TO-DATE
> Task :app:processDebugManifest UP-TO-DATE
> Task :app:processDebugManifestForPackage UP-TO-DATE
> Task :app:processDebugResources UP-TO-DATE

> Task :app:kspDebugKotlin FAILED
e: file:///C:/Users/Manik/.gradle/caches/transforms-3/c1ebf8ca6a55a4667448d8332197236e/transformed/jetified-kotlin-stdlib-2.2.20.jar!/META-INF/kotlin-stdlib-jdk7.kotlin_moduleModule was compiled with an incompatible version of Kotlin. The binary version of its metadata is 2.2.0, expected version is 1.9.0.
e: file:///C:/Users/Manik/.gradle/caches/transforms-3/c1ebf8ca6a55a4667448d8332197236e/transformed/jetified-kotlin-stdlib-2.2.20.jar!/META-INF/kotlin-stdlib-jdk8.kotlin_moduleModule was compiled with an incompatible version of Kotlin. The binary version of its metadata is 2.2.0, expected version is 1.9.0.
e: file:///C:/Users/Manik/.gradle/caches/transforms-3/c1ebf8ca6a55a4667448d8332197236e/transformed/jetified-kotlin-stdlib-2.2.20.jar!/META-INF/kotlin-stdlib.kotlin_moduleModule was compiled with an incompatible version of Kotlin. The binary version of its metadata is 2.2.0, expected version is 1.9.0.
e: file:///C:/Users/Manik/.gradle/caches/transforms-3/dac6184d7b3c57f07cd68fc097d47a63/transformed/jetified-llamacpp-kotlin-0.2.0-api.jar!/META-INF/llamaCpp_release.kotlin_moduleModule was compiled with an incompatible version of Kotlin. The binary version of its metadata is 2.2.0, expected version is 1.9.0.

FAILURE: Build failed with an exception.

* What went wrong:
Execution failed for task ':app:kspDebugKotlin'.
> A failure occurred while executing org.jetbrains.kotlin.compilerRunner.GradleCompilerRunnerWithWorkers$GradleKotlinCompilerWorkAction
   > Compilation error. See log for more details

* Try:
> Run with --stacktrace option to get the stack trace.
> Run with --info or --debug option to get more log output.
> Run with --scan to get full insights.
> Get more help at https://help.gradle.org.

BUILD FAILED in 5s
14 actionable tasks: 2 executed, 12 up-to-date
